Symlinking /home/emprise/feeding_nipple/devel/share/netft_rdt_driver/cmake/netft_rdt_driverConfig-version.cmake
Symlinking /home/emprise/feeding_nipple/devel/share/netft_rdt_driver/cmake/netft_rdt_driver-msg-paths.cmake
Symlinking /home/emprise/feeding_nipple/devel/share/netft_rdt_driver/cmake/netft_rdt_driverConfig.cmake
Symlinking /home/emprise/feeding_nipple/devel/share/netft_rdt_driver/cmake/netft_rdt_driver-msg-extras.cmake
Symlinking /home/emprise/feeding_nipple/devel/share/gennodejs/ros/netft_rdt_driver/_index.js
Symlinking /home/emprise/feeding_nipple/devel/share/gennodejs/ros/netft_rdt_driver/srv/String_cmd.js
Symlinking /home/emprise/feeding_nipple/devel/share/gennodejs/ros/netft_rdt_driver/srv/_index.js
Symlinking /home/emprise/feeding_nipple/devel/share/common-lisp/ros/netft_rdt_driver/srv/_package.lisp
Symlinking /home/emprise/feeding_nipple/devel/share/common-lisp/ros/netft_rdt_driver/srv/String_cmd.lisp
Symlinking /home/emprise/feeding_nipple/devel/share/common-lisp/ros/netft_rdt_driver/srv/_package_String_cmd.lisp
Symlinking /home/emprise/feeding_nipple/devel/share/common-lisp/ros/netft_rdt_driver/srv/netft_rdt_driver-srv.asd
Symlinking /home/emprise/feeding_nipple/devel/share/roseus/ros/netft_rdt_driver/manifest.l
Symlinking /home/emprise/feeding_nipple/devel/share/roseus/ros/netft_rdt_driver/srv/String_cmd.l
Symlinking /home/emprise/feeding_nipple/devel/lib/libnetft_rdt_driver.so
Symlinking /home/emprise/feeding_nipple/devel/lib/netft_rdt_driver/netft_node
Symlinking /home/emprise/feeding_nipple/devel/lib/pkgconfig/netft_rdt_driver.pc
Symlinking /home/emprise/feeding_nipple/devel/lib/python3/dist-packages/netft_rdt_driver/__init__.py
Symlinking /home/emprise/feeding_nipple/devel/lib/python3/dist-packages/netft_rdt_driver/srv/_String_cmd.py
Symlinking /home/emprise/feeding_nipple/devel/lib/python3/dist-packages/netft_rdt_driver/srv/__init__.py
Symlinking /home/emprise/feeding_nipple/devel/include/netft_rdt_driver/String_cmdRequest.h
Symlinking /home/emprise/feeding_nipple/devel/include/netft_rdt_driver/String_cmd.h
Symlinking /home/emprise/feeding_nipple/devel/include/netft_rdt_driver/String_cmdResponse.h
